\BOOKMARK [1][-]{section.1}{\376\377\000O\000b\000j\000e\000t\000i\000v\000o\000\040\000d\000o\000\040\000S\000i\000s\000t\000e\000m\000a}{}% 1
\BOOKMARK [1][-]{section.2}{\376\377\000E\000q\000u\000i\000p\000e\000\040\000e\000\040\000F\000u\000n\000\347\000\365\000e\000s\000\040\000d\000o\000s\000\040\000I\000n\000t\000e\000g\000r\000a\000n\000t\000e\000s}{}% 2
\BOOKMARK [1][-]{section.3}{\376\377\000R\000e\000q\000u\000i\000s\000i\000t\000o\000s\000\040\000d\000o\000\040\000S\000i\000s\000t\000e\000m\000a}{}% 3
\BOOKMARK [2][-]{subsection.3.1}{\376\377\000R\000e\000q\000u\000i\000s\000i\000t\000o\000s\000\040\000T\000e\000c\000n\000o\000l\000\363\000g\000i\000c\000o\000s}{section.3}% 4
\BOOKMARK [2][-]{subsection.3.2}{\376\377\000R\000e\000q\000u\000i\000s\000i\000t\000o\000s\000\040\000F\000u\000n\000c\000i\000o\000n\000a\000i\000s}{section.3}% 5
\BOOKMARK [2][-]{subsection.3.3}{\376\377\000R\000e\000q\000u\000i\000s\000i\000t\000o\000s\000\040\000N\000\343\000o\000-\000F\000u\000n\000c\000i\000o\000n\000a\000i\000s}{section.3}% 6
\BOOKMARK [1][-]{section.4}{\376\377\000M\000o\000d\000e\000l\000a\000g\000e\000m\000\040\000d\000o\000\040\000S\000i\000s\000t\000e\000m\000a}{}% 7
\BOOKMARK [2][-]{subsection.4.1}{\376\377\000D\000i\000a\000g\000r\000a\000m\000a\000\040\000d\000e\000\040\000C\000l\000a\000s\000s\000e\000s}{section.4}% 8
\BOOKMARK [2][-]{subsection.4.2}{\376\377\000A\000r\000q\000u\000i\000t\000e\000t\000u\000r\000a\000\040\000d\000e\000\040\000F\000l\000u\000x\000o\000\040\000d\000e\000\040\000D\000a\000d\000o\000s}{section.4}% 9
\BOOKMARK [2][-]{subsection.4.3}{\376\377\000D\000i\000a\000g\000r\000a\000m\000a\000\040\000d\000e\000\040\000C\000a\000s\000o\000\040\000d\000e\000\040\000U\000s\000o}{section.4}% 10
\BOOKMARK [2][-]{subsection.4.4}{\376\377\000D\000i\000a\000g\000r\000a\000m\000a\000\040\000d\000e\000\040\000S\000e\000q\000u\000\352\000n\000c\000i\000a\000:\000\040\000S\000o\000l\000i\000c\000i\000t\000a\000\347\000\343\000o\000\040\000d\000e\000\040\000E\000m\000p\000r\000\351\000s\000t\000i\000m\000o}{section.4}% 11
\BOOKMARK [1][-]{section.5}{\376\377\000R\000e\000l\000a\000t\000\363\000r\000i\000o\000\040\000d\000e\000\040\000T\000e\000s\000t\000e\000s\000\040\000d\000e\000\040\000E\000n\000d\000p\000o\000i\000n\000t\000s}{}% 12
\BOOKMARK [2][-]{subsection.5.1}{\376\377\000E\000n\000d\000p\000o\000i\000n\000t\000:\000\040\000P\000O\000S\000T\000\040\000/\000a\000p\000i\000/\000l\000o\000g\000i\000n}{section.5}% 13
\BOOKMARK [2][-]{subsection.5.2}{\376\377\000E\000n\000d\000p\000o\000i\000n\000t\000:\000\040\000P\000O\000S\000T\000\040\000/\000a\000p\000i\000/\000u\000s\000u\000a\000r\000i\000o\000s}{section.5}% 14
\BOOKMARK [2][-]{subsection.5.3}{\376\377\000E\000n\000d\000p\000o\000i\000n\000t\000:\000\040\000G\000E\000T\000\040\000/\000a\000p\000i\000/\000a\000t\000i\000v\000a\000r}{section.5}% 15
\BOOKMARK [2][-]{subsection.5.4}{\376\377\000E\000n\000d\000p\000o\000i\000n\000t\000:\000\040\000P\000O\000S\000T\000\040\000/\000a\000p\000i\000/\000r\000e\000c\000u\000p\000e\000r\000a\000r}{section.5}% 16
\BOOKMARK [2][-]{subsection.5.5}{\376\377\000E\000n\000d\000p\000o\000i\000n\000t\000:\000\040\000P\000O\000S\000T\000\040\000/\000a\000p\000i\000/\000e\000m\000p\000r\000e\000s\000t\000i\000m\000o\000s}{section.5}% 17
\BOOKMARK [2][-]{subsection.5.6}{\376\377\000E\000n\000d\000p\000o\000i\000n\000t\000:\000\040\000G\000E\000T\000/\000P\000O\000S\000T\000\040\000/\000a\000p\000i\000/\000a\000d\000m\000i\000n\000/\000u\000s\000u\000a\000r\000i\000o\000s}{section.5}% 18
\BOOKMARK [2][-]{subsection.5.7}{\376\377\000E\000n\000d\000p\000o\000i\000n\000t\000:\000\040\000G\000E\000T\000/\000P\000O\000S\000T\000\040\000/\000a\000p\000i\000/\000a\000d\000m\000i\000n\000/\000c\000o\000n\000f\000i\000g\000u\000r\000a\000c\000o\000e\000s}{section.5}% 19
\BOOKMARK [1][-]{section.6}{\376\377\000R\000e\000l\000a\000t\000\363\000r\000i\000o\000\040\000d\000e\000\040\000T\000e\000s\000t\000e\000s\000\040\000d\000e\000\040\000F\000u\000n\000c\000i\000o\000n\000a\000l\000i\000d\000a\000d\000e\000s}{}% 20
\BOOKMARK [2][-]{subsection.6.1}{\376\377\000F\000u\000n\000c\000i\000o\000n\000a\000l\000i\000d\000a\000d\000e\000:\000\040\000C\000a\000d\000a\000s\000t\000r\000o\000\040\000e\000\040\000A\000t\000i\000v\000a\000\347\000\343\000o\000\040\000d\000e\000\040\000C\000o\000n\000t\000a}{section.6}% 21
\BOOKMARK [2][-]{subsection.6.2}{\376\377\000F\000u\000n\000c\000i\000o\000n\000a\000l\000i\000d\000a\000d\000e\000:\000\040\000A\000u\000t\000e\000n\000t\000i\000c\000a\000\347\000\343\000o\000\040\000e\000\040\000C\000o\000n\000t\000r\000o\000l\000e\000\040\000d\000e\000\040\000A\000c\000e\000s\000s\000o}{section.6}% 22
\BOOKMARK [2][-]{subsection.6.3}{\376\377\000F\000u\000n\000c\000i\000o\000n\000a\000l\000i\000d\000a\000d\000e\000:\000\040\000C\000a\000t\000a\000l\000o\000g\000a\000\347\000\343\000o\000\040\000e\000\040\000F\000i\000l\000t\000r\000o\000s\000\040\000d\000o\000\040\000A\000c\000e\000r\000v\000o\000\040\000\050\000M\000A\000R\000C\0002\0001\000\051}{section.6}% 23
\BOOKMARK [2][-]{subsection.6.4}{\376\377\000F\000u\000n\000c\000i\000o\000n\000a\000l\000i\000d\000a\000d\000e\000:\000\040\000C\000o\000n\000t\000r\000o\000l\000e\000\040\000d\000e\000\040\000E\000m\000p\000r\000\351\000s\000t\000i\000m\000o\000s\000\040\000e\000\040\000D\000e\000v\000o\000l\000u\000\347\000\365\000e\000s}{section.6}% 24
\BOOKMARK [2][-]{subsection.6.5}{\376\377\000F\000u\000n\000c\000i\000o\000n\000a\000l\000i\000d\000a\000d\000e\000:\000\040\000R\000e\000n\000o\000v\000a\000\347\000\343\000o\000\040\000O\000n\000l\000i\000n\000e\000\040\000e\000\040\000R\000e\000g\000r\000a\000s\000\040\000d\000e\000\040\000N\000e\000g\000\363\000c\000i\000o}{section.6}% 25
\BOOKMARK [2][-]{subsection.6.6}{\376\377\000F\000u\000n\000c\000i\000o\000n\000a\000l\000i\000d\000a\000d\000e\000:\000\040\000C\000o\000n\000f\000i\000g\000u\000r\000a\000\347\000\365\000e\000s\000\040\000d\000o\000\040\000S\000i\000s\000t\000e\000m\000a}{section.6}% 26
\BOOKMARK [2][-]{subsection.6.7}{\376\377\000F\000u\000n\000c\000i\000o\000n\000a\000l\000i\000d\000a\000d\000e\000:\000\040\000P\000e\000r\000f\000i\000l\000\040\000e\000\040\000C\000o\000n\000t\000r\000o\000l\000e\000\040\000d\000e\000\040\000U\000s\000u\000\341\000r\000i\000o\000s}{section.6}% 27
